[ 2017-10-30T09:41:19+08:00 ] ::1 /p2164894/workspace/index.php/admin/menu/index
INFO: [ app_init ] --START--
INFO: Run Behavior\BuildLiteBehavior [ RunTime:0.000045s ]
INFO: [ app_init ] --END-- [ RunTime:0.013062s ]
INFO: [ app_begin ] --START--
INFO: Run Behavior\ReadHtmlCacheBehavior [ RunTime:0.000997s ]
INFO: [ app_begin ] --END-- [ RunTime:0.001182s ]
INFO: [ view_parse ] --START--
INFO: [ template_filter ] --START--
INFO: Run Behavior\ContentReplaceBehavior [ RunTime:0.005819s ]
INFO: [ template_filter ] --END-- [ RunTime:0.006217s ]
NOTIC: [8] Undefined variable: nav D:\wamp\www\p2164894\workspace\Application\Runtime\Cache\Admin\b956215329b6f9aca22277599a4efdfc.php 第 89 行.
NOTIC: [8] Undefined variable: menus D:\wamp\www\p2164894\workspace\Application\Runtime\Cache\Admin\b956215329b6f9aca22277599a4efdfc.php 第 134 行.
INFO: Run Behavior\ParseTemplateBehavior [ RunTime:0.036553s ]
INFO: [ view_parse ] --END-- [ RunTime:0.036901s ]
INFO: [ view_filter ] --START--
INFO: Run Behavior\WriteHtmlCacheBehavior [ RunTime:0.006818s ]
INFO: [ view_filter ] --END-- [ RunTime:0.006960s ]
INFO: [ app_end ] --START--
INFO: Run Behavior\ShowPageTraceBehavior [ RunTime:0.004254s ]
INFO: [ app_end ] --END-- [ RunTime:0.004632s ]

[ 2017-10-30T09:41:21+08:00 ] ::1 /p2164894/workspace/index.php/admin/menu/index
INFO: [ app_init ] --START--
INFO: Run Behavior\BuildLiteBehavior [ RunTime:0.000022s ]
INFO: [ app_init ] --END-- [ RunTime:0.000342s ]
INFO: [ app_begin ] --START--
INFO: Run Behavior\ReadHtmlCacheBehavior [ RunTime:0.000417s ]
INFO: [ app_begin ] --END-- [ RunTime:0.000520s ]
INFO: [ view_parse ] --START--
INFO: [ template_filter ] --START--
INFO: Run Behavior\ContentReplaceBehavior [ RunTime:0.000075s ]
INFO: [ template_filter ] --END-- [ RunTime:0.000180s ]
NOTIC: [8] Undefined variable: nav D:\wamp\www\p2164894\workspace\Application\Runtime\Cache\Admin\b956215329b6f9aca22277599a4efdfc.php 第 89 行.
NOTIC: [8] Undefined variable: menus D:\wamp\www\p2164894\workspace\Application\Runtime\Cache\Admin\b956215329b6f9aca22277599a4efdfc.php 第 134 行.
INFO: Run Behavior\ParseTemplateBehavior [ RunTime:0.010454s ]
INFO: [ view_parse ] --END-- [ RunTime:0.010544s ]
INFO: [ view_filter ] --START--
INFO: Run Behavior\WriteHtmlCacheBehavior [ RunTime:0.000239s ]
INFO: [ view_filter ] --END-- [ RunTime:0.000324s ]
INFO: [ app_end ] --START--
INFO: Run Behavior\ShowPageTraceBehavior [ RunTime:0.000374s ]
INFO: [ app_end ] --END-- [ RunTime:0.000465s ]

[ 2017-10-30T09:41:21+08:00 ] ::1 /p2164894/workspace/index.php/admin/menu/index
INFO: [ app_init ] --START--
INFO: Run Behavior\BuildLiteBehavior [ RunTime:0.000034s ]
INFO: [ app_init ] --END-- [ RunTime:0.000487s ]
INFO: [ app_begin ] --START--
INFO: Run Behavior\ReadHtmlCacheBehavior [ RunTime:0.000483s ]
INFO: [ app_begin ] --END-- [ RunTime:0.000644s ]
INFO: [ view_parse ] --START--
INFO: [ template_filter ] --START--
INFO: Run Behavior\ContentReplaceBehavior [ RunTime:0.000076s ]
INFO: [ template_filter ] --END-- [ RunTime:0.000177s ]
NOTIC: [8] Undefined variable: nav D:\wamp\www\p2164894\workspace\Application\Runtime\Cache\Admin\b956215329b6f9aca22277599a4efdfc.php 第 89 行.
NOTIC: [8] Undefined variable: menus D:\wamp\www\p2164894\workspace\Application\Runtime\Cache\Admin\b956215329b6f9aca22277599a4efdfc.php 第 134 行.
INFO: Run Behavior\ParseTemplateBehavior [ RunTime:0.007569s ]
INFO: [ view_parse ] --END-- [ RunTime:0.007760s ]
INFO: [ view_filter ] --START--
INFO: Run Behavior\WriteHtmlCacheBehavior [ RunTime:0.000180s ]
INFO: [ view_filter ] --END-- [ RunTime:0.000265s ]
INFO: [ app_end ] --START--
INFO: Run Behavior\ShowPageTraceBehavior [ RunTime:0.000312s ]
INFO: [ app_end ] --END-- [ RunTime:0.000401s ]

[ 2017-10-30T09:41:24+08:00 ] ::1 /p2164894/workspace/index.php/admin/index/index
INFO: [ app_init ] --START--
INFO: Run Behavior\BuildLiteBehavior [ RunTime:0.000022s ]
INFO: [ app_init ] --END-- [ RunTime:0.000316s ]
INFO: [ app_begin ] --START--
INFO: Run Behavior\ReadHtmlCacheBehavior [ RunTime:0.000312s ]
INFO: [ app_begin ] --END-- [ RunTime:0.000407s ]

[ 2017-10-30T09:41:24+08:00 ] ::1 /p2164894/workspace/index.php/admin/login/index
INFO: [ app_init ] --START--
INFO: Run Behavior\BuildLiteBehavior [ RunTime:0.000020s ]
INFO: [ app_init ] --END-- [ RunTime:0.000299s ]
INFO: [ app_begin ] --START--
INFO: Run Behavior\ReadHtmlCacheBehavior [ RunTime:0.001127s ]
INFO: [ app_begin ] --END-- [ RunTime:0.001343s ]
INFO: [ view_parse ] --START--
INFO: [ template_filter ] --START--
INFO: Run Behavior\ContentReplaceBehavior [ RunTime:0.000063s ]
INFO: [ template_filter ] --END-- [ RunTime:0.000165s ]
INFO: Run Behavior\ParseTemplateBehavior [ RunTime:0.004307s ]
INFO: [ view_parse ] --END-- [ RunTime:0.004429s ]
INFO: [ view_filter ] --START--
INFO: Run Behavior\WriteHtmlCacheBehavior [ RunTime:0.000189s ]
INFO: [ view_filter ] --END-- [ RunTime:0.000279s ]
INFO: [ app_end ] --START--
INFO: Run Behavior\ShowPageTraceBehavior [ RunTime:0.000324s ]
INFO: [ app_end ] --END-- [ RunTime:0.000415s ]

[ 2017-10-30T09:41:24+08:00 ] ::1 /p2164894/workspace/index.php/admin/login/index
INFO: [ app_init ] --START--
INFO: Run Behavior\BuildLiteBehavior [ RunTime:0.000048s ]
INFO: [ app_init ] --END-- [ RunTime:0.000632s ]
INFO: [ app_begin ] --START--
INFO: Run Behavior\ReadHtmlCacheBehavior [ RunTime:0.000517s ]
INFO: [ app_begin ] --END-- [ RunTime:0.000688s ]
INFO: [ view_parse ] --START--
INFO: [ template_filter ] --START--
INFO: Run Behavior\ContentReplaceBehavior [ RunTime:0.000097s ]
INFO: [ template_filter ] --END-- [ RunTime:0.000269s ]
INFO: Run Behavior\ParseTemplateBehavior [ RunTime:0.010498s ]
INFO: [ view_parse ] --END-- [ RunTime:0.010809s ]
INFO: [ view_filter ] --START--
INFO: Run Behavior\WriteHtmlCacheBehavior [ RunTime:0.000401s ]
INFO: [ view_filter ] --END-- [ RunTime:0.000598s ]
INFO: [ app_end ] --START--
INFO: Run Behavior\ShowPageTraceBehavior [ RunTime:0.000657s ]
INFO: [ app_end ] --END-- [ RunTime:0.000825s ]

[ 2017-10-30T09:41:31+08:00 ] ::1 /p2164894/workspace/index.php/admin/menu/index
INFO: [ app_init ] --START--
INFO: Run Behavior\BuildLiteBehavior [ RunTime:0.000040s ]
INFO: [ app_init ] --END-- [ RunTime:0.000713s ]
INFO: [ app_begin ] --START--
INFO: Run Behavior\ReadHtmlCacheBehavior [ RunTime:0.000702s ]
INFO: [ app_begin ] --END-- [ RunTime:0.000906s ]
INFO: [ view_parse ] --START--
INFO: [ template_filter ] --START--
INFO: Run Behavior\ContentReplaceBehavior [ RunTime:0.000092s ]
INFO: [ template_filter ] --END-- [ RunTime:0.000237s ]
NOTIC: [8] Undefined variable: nav D:\wamp\www\p2164894\workspace\Application\Runtime\Cache\Admin\b956215329b6f9aca22277599a4efdfc.php 第 89 行.
NOTIC: [8] Undefined variable: menus D:\wamp\www\p2164894\workspace\Application\Runtime\Cache\Admin\b956215329b6f9aca22277599a4efdfc.php 第 134 行.
INFO: Run Behavior\ParseTemplateBehavior [ RunTime:0.008136s ]
INFO: [ view_parse ] --END-- [ RunTime:0.008479s ]
INFO: [ view_filter ] --START--
INFO: Run Behavior\WriteHtmlCacheBehavior [ RunTime:0.000474s ]
INFO: [ view_filter ] --END-- [ RunTime:0.000607s ]
INFO: [ app_end ] --START--
INFO: Run Behavior\ShowPageTraceBehavior [ RunTime:0.001061s ]
INFO: [ app_end ] --END-- [ RunTime:0.001284s ]

[ 2017-10-30T09:41:34+08:00 ] ::1 /p2164894/workspace/index.php/admin/menu/index
INFO: [ app_init ] --START--
INFO: Run Behavior\BuildLiteBehavior [ RunTime:0.000020s ]
INFO: [ app_init ] --END-- [ RunTime:0.000307s ]
INFO: [ app_begin ] --START--
INFO: Run Behavior\ReadHtmlCacheBehavior [ RunTime:0.001021s ]
INFO: [ app_begin ] --END-- [ RunTime:0.001262s ]
INFO: [ view_parse ] --START--
INFO: [ template_filter ] --START--
INFO: Run Behavior\ContentReplaceBehavior [ RunTime:0.000079s ]
INFO: [ template_filter ] --END-- [ RunTime:0.000186s ]
NOTIC: [8] Undefined variable: nav D:\wamp\www\p2164894\workspace\Application\Runtime\Cache\Admin\b956215329b6f9aca22277599a4efdfc.php 第 89 行.
NOTIC: [8] Undefined variable: menus D:\wamp\www\p2164894\workspace\Application\Runtime\Cache\Admin\b956215329b6f9aca22277599a4efdfc.php 第 134 行.
INFO: Run Behavior\ParseTemplateBehavior [ RunTime:0.008330s ]
INFO: [ view_parse ] --END-- [ RunTime:0.008426s ]
INFO: [ view_filter ] --START--
INFO: Run Behavior\WriteHtmlCacheBehavior [ RunTime:0.000178s ]
INFO: [ view_filter ] --END-- [ RunTime:0.000262s ]
INFO: [ app_end ] --START--
INFO: Run Behavior\ShowPageTraceBehavior [ RunTime:0.000419s ]
INFO: [ app_end ] --END-- [ RunTime:0.000520s ]

[ 2017-10-30T09:41:34+08:00 ] ::1 /p2164894/workspace/index.php/admin/menu/index
INFO: [ app_init ] --START--
INFO: Run Behavior\BuildLiteBehavior [ RunTime:0.000042s ]
INFO: [ app_init ] --END-- [ RunTime:0.001353s ]
INFO: [ app_begin ] --START--
INFO: Run Behavior\ReadHtmlCacheBehavior [ RunTime:0.000504s ]
INFO: [ app_begin ] --END-- [ RunTime:0.000673s ]
INFO: [ view_parse ] --START--
INFO: [ template_filter ] --START--
INFO: Run Behavior\ContentReplaceBehavior [ RunTime:0.000073s ]
INFO: [ template_filter ] --END-- [ RunTime:0.000173s ]
NOTIC: [8] Undefined variable: nav D:\wamp\www\p2164894\workspace\Application\Runtime\Cache\Admin\b956215329b6f9aca22277599a4efdfc.php 第 89 行.
NOTIC: [8] Undefined variable: menus D:\wamp\www\p2164894\workspace\Application\Runtime\Cache\Admin\b956215329b6f9aca22277599a4efdfc.php 第 134 行.
INFO: Run Behavior\ParseTemplateBehavior [ RunTime:0.010790s ]
INFO: [ view_parse ] --END-- [ RunTime:0.010910s ]
INFO: [ view_filter ] --START--
INFO: Run Behavior\WriteHtmlCacheBehavior [ RunTime:0.000172s ]
INFO: [ view_filter ] --END-- [ RunTime:0.000257s ]
INFO: [ app_end ] --START--
INFO: Run Behavior\ShowPageTraceBehavior [ RunTime:0.000319s ]
INFO: [ app_end ] --END-- [ RunTime:0.000406s ]

[ 2017-10-30T09:41:35+08:00 ] ::1 /p2164894/workspace/index.php/admin/menu/index
INFO: [ app_init ] --START--
INFO: Run Behavior\BuildLiteBehavior [ RunTime:0.000023s ]
INFO: [ app_init ] --END-- [ RunTime:0.000337s ]
INFO: [ app_begin ] --START--
INFO: Run Behavior\ReadHtmlCacheBehavior [ RunTime:0.000333s ]
INFO: [ app_begin ] --END-- [ RunTime:0.000427s ]
INFO: [ view_parse ] --START--
INFO: [ template_filter ] --START--
INFO: Run Behavior\ContentReplaceBehavior [ RunTime:0.000072s ]
INFO: [ template_filter ] --END-- [ RunTime:0.000167s ]
NOTIC: [8] Undefined variable: nav D:\wamp\www\p2164894\workspace\Application\Runtime\Cache\Admin\b956215329b6f9aca22277599a4efdfc.php 第 89 行.
NOTIC: [8] Undefined variable: menus D:\wamp\www\p2164894\workspace\Application\Runtime\Cache\Admin\b956215329b6f9aca22277599a4efdfc.php 第 134 行.
INFO: Run Behavior\ParseTemplateBehavior [ RunTime:0.011402s ]
INFO: [ view_parse ] --END-- [ RunTime:0.011500s ]
INFO: [ view_filter ] --START--
INFO: Run Behavior\WriteHtmlCacheBehavior [ RunTime:0.000839s ]
INFO: [ view_filter ] --END-- [ RunTime:0.001168s ]
INFO: [ app_end ] --START--
INFO: Run Behavior\ShowPageTraceBehavior [ RunTime:0.001669s ]
INFO: [ app_end ] --END-- [ RunTime:0.001825s ]

[ 2017-10-30T09:41:35+08:00 ] ::1 /p2164894/workspace/index.php/admin/menu/index
INFO: [ app_init ] --START--
INFO: Run Behavior\BuildLiteBehavior [ RunTime:0.000032s ]
INFO: [ app_init ] --END-- [ RunTime:0.000455s ]
INFO: [ app_begin ] --START--
INFO: Run Behavior\ReadHtmlCacheBehavior [ RunTime:0.001775s ]
INFO: [ app_begin ] --END-- [ RunTime:0.002237s ]
INFO: [ view_parse ] --START--
INFO: [ template_filter ] --START--
INFO: Run Behavior\ContentReplaceBehavior [ RunTime:0.000074s ]
INFO: [ template_filter ] --END-- [ RunTime:0.000177s ]
NOTIC: [8] Undefined variable: nav D:\wamp\www\p2164894\workspace\Application\Runtime\Cache\Admin\b956215329b6f9aca22277599a4efdfc.php 第 89 行.
NOTIC: [8] Undefined variable: menus D:\wamp\www\p2164894\workspace\Application\Runtime\Cache\Admin\b956215329b6f9aca22277599a4efdfc.php 第 134 行.
INFO: Run Behavior\ParseTemplateBehavior [ RunTime:0.006818s ]
INFO: [ view_parse ] --END-- [ RunTime:0.006949s ]
INFO: [ view_filter ] --START--
INFO: Run Behavior\WriteHtmlCacheBehavior [ RunTime:0.000173s ]
INFO: [ view_filter ] --END-- [ RunTime:0.000256s ]
INFO: [ app_end ] --START--
INFO: Run Behavior\ShowPageTraceBehavior [ RunTime:0.000313s ]
INFO: [ app_end ] --END-- [ RunTime:0.000402s ]

[ 2017-10-30T09:41:35+08:00 ] ::1 /p2164894/workspace/index.php/admin/menu/index
INFO: [ app_init ] --START--
INFO: Run Behavior\BuildLiteBehavior [ RunTime:0.000036s ]
INFO: [ app_init ] --END-- [ RunTime:0.000498s ]
INFO: [ app_begin ] --START--
INFO: Run Behavior\ReadHtmlCacheBehavior [ RunTime:0.000464s ]
INFO: [ app_begin ] --END-- [ RunTime:0.000621s ]
INFO: [ view_parse ] --START--
INFO: [ template_filter ] --START--
INFO: Run Behavior\ContentReplaceBehavior [ RunTime:0.000136s ]
INFO: [ template_filter ] --END-- [ RunTime:0.000340s ]
NOTIC: [8] Undefined variable: nav D:\wamp\www\p2164894\workspace\Application\Runtime\Cache\Admin\b956215329b6f9aca22277599a4efdfc.php 第 89 行.
NOTIC: [8] Undefined variable: menus D:\wamp\www\p2164894\workspace\Application\Runtime\Cache\Admin\b956215329b6f9aca22277599a4efdfc.php 第 134 行.
INFO: Run Behavior\ParseTemplateBehavior [ RunTime:0.011149s ]
INFO: [ view_parse ] --END-- [ RunTime:0.011314s ]
INFO: [ view_filter ] --START--
INFO: Run Behavior\WriteHtmlCacheBehavior [ RunTime:0.000816s ]
INFO: [ view_filter ] --END-- [ RunTime:0.000991s ]
INFO: [ app_end ] --START--
INFO: Run Behavior\ShowPageTraceBehavior [ RunTime:0.000391s ]
INFO: [ app_end ] --END-- [ RunTime:0.000485s ]

[ 2017-10-30T09:41:37+08:00 ] ::1 /p2164894/workspace/index.php/admin/menu/index
INFO: [ app_init ] --START--
INFO: Run Behavior\BuildLiteBehavior [ RunTime:0.000035s ]
INFO: [ app_init ] --END-- [ RunTime:0.001126s ]
INFO: [ app_begin ] --START--
INFO: Run Behavior\ReadHtmlCacheBehavior [ RunTime:0.000327s ]
INFO: [ app_begin ] --END-- [ RunTime:0.000423s ]
INFO: [ view_parse ] --START--
INFO: [ template_filter ] --START--
INFO: Run Behavior\ContentReplaceBehavior [ RunTime:0.000072s ]
INFO: [ template_filter ] --END-- [ RunTime:0.000171s ]
NOTIC: [8] Undefined variable: nav D:\wamp\www\p2164894\workspace\Application\Runtime\Cache\Admin\b956215329b6f9aca22277599a4efdfc.php 第 89 行.
NOTIC: [8] Undefined variable: menus D:\wamp\www\p2164894\workspace\Application\Runtime\Cache\Admin\b956215329b6f9aca22277599a4efdfc.php 第 134 行.
INFO: Run Behavior\ParseTemplateBehavior [ RunTime:0.008216s ]
INFO: [ view_parse ] --END-- [ RunTime:0.008330s ]
INFO: [ view_filter ] --START--
INFO: Run Behavior\WriteHtmlCacheBehavior [ RunTime:0.000171s ]
INFO: [ view_filter ] --END-- [ RunTime:0.000255s ]
INFO: [ app_end ] --START--
INFO: Run Behavior\ShowPageTraceBehavior [ RunTime:0.000314s ]
INFO: [ app_end ] --END-- [ RunTime:0.000402s ]

[ 2017-10-30T09:41:38+08:00 ] ::1 /p2164894/workspace/index.php/admin/index/index
INFO: [ app_init ] --START--
INFO: Run Behavior\BuildLiteBehavior [ RunTime:0.000022s ]
INFO: [ app_init ] --END-- [ RunTime:0.000317s ]
INFO: [ app_begin ] --START--
INFO: Run Behavior\ReadHtmlCacheBehavior [ RunTime:0.000525s ]
INFO: [ app_begin ] --END-- [ RunTime:0.000648s ]

[ 2017-10-30T09:41:38+08:00 ] ::1 /p2164894/workspace/index.php/admin/login/index
INFO: [ app_init ] --START--
INFO: Run Behavior\BuildLiteBehavior [ RunTime:0.000021s ]
INFO: [ app_init ] --END-- [ RunTime:0.000326s ]
INFO: [ app_begin ] --START--
INFO: Run Behavior\ReadHtmlCacheBehavior [ RunTime:0.000312s ]
INFO: [ app_begin ] --END-- [ RunTime:0.000404s ]
INFO: [ view_parse ] --START--
INFO: [ template_filter ] --START--
INFO: Run Behavior\ContentReplaceBehavior [ RunTime:0.000094s ]
INFO: [ template_filter ] --END-- [ RunTime:0.000265s ]
INFO: Run Behavior\ParseTemplateBehavior [ RunTime:0.006680s ]
INFO: [ view_parse ] --END-- [ RunTime:0.006810s ]
INFO: [ view_filter ] --START--
INFO: Run Behavior\WriteHtmlCacheBehavior [ RunTime:0.000240s ]
INFO: [ view_filter ] --END-- [ RunTime:0.000386s ]
INFO: [ app_end ] --START--
INFO: Run Behavior\ShowPageTraceBehavior [ RunTime:0.000459s ]
INFO: [ app_end ] --END-- [ RunTime:0.000607s ]

[ 2017-10-30T09:41:38+08:00 ] ::1 /p2164894/workspace/index.php/admin/login/index
INFO: [ app_init ] --START--
INFO: Run Behavior\BuildLiteBehavior [ RunTime:0.000038s ]
INFO: [ app_init ] --END-- [ RunTime:0.000405s ]
INFO: [ app_begin ] --START--
INFO: Run Behavior\ReadHtmlCacheBehavior [ RunTime:0.000540s ]
INFO: [ app_begin ] --END-- [ RunTime:0.000702s ]
INFO: [ view_parse ] --START--
INFO: [ template_filter ] --START--
INFO: Run Behavior\ContentReplaceBehavior [ RunTime:0.000227s ]
INFO: [ template_filter ] --END-- [ RunTime:0.000565s ]
INFO: Run Behavior\ParseTemplateBehavior [ RunTime:0.007803s ]
INFO: [ view_parse ] --END-- [ RunTime:0.007983s ]
INFO: [ view_filter ] --START--
INFO: Run Behavior\WriteHtmlCacheBehavior [ RunTime:0.000274s ]
INFO: [ view_filter ] --END-- [ RunTime:0.000422s ]
INFO: [ app_end ] --START--
INFO: Run Behavior\ShowPageTraceBehavior [ RunTime:0.000487s ]
INFO: [ app_end ] --END-- [ RunTime:0.000638s ]

[ 2017-10-30T09:41:44+08:00 ] ::1 /p2164894/workspace/index.php/admin/login/checkUser
INFO: [ app_init ] --START--
INFO: Run Behavior\BuildLiteBehavior [ RunTime:0.000028s ]
INFO: [ app_init ] --END-- [ RunTime:0.000345s ]
INFO: [ app_begin ] --START--
INFO: Run Behavior\ReadHtmlCacheBehavior [ RunTime:0.000363s ]
INFO: [ app_begin ] --END-- [ RunTime:0.000441s ]
SQL: SHOW COLUMNS FROM `cms_admin` [ RunTime:0.0358s ]
SQL: SELECT * FROM `cms_admin` WHERE ( username="admin" ) LIMIT 1   [ RunTime:0.0022s ]
NOTIC: [2] Missing argument 3 for show(), called in D:\wamp\www\p2164894\workspace\Application\Admin\Controller\LoginController.class.php on line 35 and defined D:\wamp\www\p2164894\workspace\Application\Common\Common\function.php 第 6 行.
NOTIC: [8] Undefined variable: data D:\wamp\www\p2164894\workspace\Application\Common\Common\function.php 第 10 行.

[ 2017-10-30T09:41:46+08:00 ] ::1 /p2164894/workspace/index.php/admin/index/index
INFO: [ app_init ] --START--
INFO: Run Behavior\BuildLiteBehavior [ RunTime:0.000022s ]
INFO: [ app_init ] --END-- [ RunTime:0.000311s ]
INFO: [ app_begin ] --START--
INFO: Run Behavior\ReadHtmlCacheBehavior [ RunTime:0.000605s ]
INFO: [ app_begin ] --END-- [ RunTime:0.000793s ]
INFO: [ view_parse ] --START--
INFO: [ template_filter ] --START--
INFO: Run Behavior\ContentReplaceBehavior [ RunTime:0.000133s ]
INFO: [ template_filter ] --END-- [ RunTime:0.000317s ]
INFO: Run Behavior\ParseTemplateBehavior [ RunTime:0.012127s ]
INFO: [ view_parse ] --END-- [ RunTime:0.012314s ]
INFO: [ view_filter ] --START--
INFO: Run Behavior\WriteHtmlCacheBehavior [ RunTime:0.000494s ]
INFO: [ view_filter ] --END-- [ RunTime:0.000656s ]
INFO: [ app_end ] --START--
INFO: Run Behavior\ShowPageTraceBehavior [ RunTime:0.001572s ]
INFO: [ app_end ] --END-- [ RunTime:0.002090s ]

[ 2017-10-30T09:41:47+08:00 ] ::1 /p2164894/workspace/index.php/admin/index/index
INFO: [ app_init ] --START--
INFO: Run Behavior\BuildLiteBehavior [ RunTime:0.000021s ]
INFO: [ app_init ] --END-- [ RunTime:0.000306s ]
INFO: [ app_begin ] --START--
INFO: Run Behavior\ReadHtmlCacheBehavior [ RunTime:0.000320s ]
INFO: [ app_begin ] --END-- [ RunTime:0.000416s ]
INFO: [ view_parse ] --START--
INFO: [ template_filter ] --START--
INFO: Run Behavior\ContentReplaceBehavior [ RunTime:0.000210s ]
INFO: [ template_filter ] --END-- [ RunTime:0.000388s ]
INFO: Run Behavior\ParseTemplateBehavior [ RunTime:0.009727s ]
INFO: [ view_parse ] --END-- [ RunTime:0.009838s ]
INFO: [ view_filter ] --START--
INFO: Run Behavior\WriteHtmlCacheBehavior [ RunTime:0.000364s ]
INFO: [ view_filter ] --END-- [ RunTime:0.000457s ]
INFO: [ app_end ] --START--
INFO: Run Behavior\ShowPageTraceBehavior [ RunTime:0.000416s ]
INFO: [ app_end ] --END-- [ RunTime:0.000506s ]

[ 2017-10-30T09:41:49+08:00 ] ::1 /p2164894/workspace/index.php/admin/menu/index
INFO: [ app_init ] --START--
INFO: Run Behavior\BuildLiteBehavior [ RunTime:0.000021s ]
INFO: [ app_init ] --END-- [ RunTime:0.000300s ]
INFO: [ app_begin ] --START--
INFO: Run Behavior\ReadHtmlCacheBehavior [ RunTime:0.000298s ]
INFO: [ app_begin ] --END-- [ RunTime:0.000389s ]
INFO: [ view_parse ] --START--
INFO: [ template_filter ] --START--
INFO: Run Behavior\ContentReplaceBehavior [ RunTime:0.000076s ]
INFO: [ template_filter ] --END-- [ RunTime:0.000177s ]
NOTIC: [8] Undefined variable: nav D:\wamp\www\p2164894\workspace\Application\Runtime\Cache\Admin\b956215329b6f9aca22277599a4efdfc.php 第 89 行.
NOTIC: [8] Undefined variable: menus D:\wamp\www\p2164894\workspace\Application\Runtime\Cache\Admin\b956215329b6f9aca22277599a4efdfc.php 第 134 行.
INFO: Run Behavior\ParseTemplateBehavior [ RunTime:0.008491s ]
INFO: [ view_parse ] --END-- [ RunTime:0.008583s ]
INFO: [ view_filter ] --START--
INFO: Run Behavior\WriteHtmlCacheBehavior [ RunTime:0.000276s ]
INFO: [ view_filter ] --END-- [ RunTime:0.000361s ]
INFO: [ app_end ] --START--
INFO: Run Behavior\ShowPageTraceBehavior [ RunTime:0.000409s ]
INFO: [ app_end ] --END-- [ RunTime:0.000499s ]

[ 2017-10-30T09:41:51+08:00 ] ::1 /p2164894/workspace/index.php/admin/index/index
INFO: [ app_init ] --START--
INFO: Run Behavior\BuildLiteBehavior [ RunTime:0.000022s ]
INFO: [ app_init ] --END-- [ RunTime:0.000308s ]
INFO: [ app_begin ] --START--
INFO: Run Behavior\ReadHtmlCacheBehavior [ RunTime:0.000311s ]
INFO: [ app_begin ] --END-- [ RunTime:0.000406s ]
INFO: [ view_parse ] --START--
INFO: [ template_filter ] --START--
INFO: Run Behavior\ContentReplaceBehavior [ RunTime:0.000083s ]
INFO: [ template_filter ] --END-- [ RunTime:0.000190s ]
INFO: Run Behavior\ParseTemplateBehavior [ RunTime:0.009405s ]
INFO: [ view_parse ] --END-- [ RunTime:0.009508s ]
INFO: [ view_filter ] --START--
INFO: Run Behavior\WriteHtmlCacheBehavior [ RunTime:0.000280s ]
INFO: [ view_filter ] --END-- [ RunTime:0.000365s ]
INFO: [ app_end ] --START--
INFO: Run Behavior\ShowPageTraceBehavior [ RunTime:0.000404s ]
INFO: [ app_end ] --END-- [ RunTime:0.000494s ]

[ 2017-10-30T09:41:51+08:00 ] ::1 /p2164894/workspace/index.php/admin/menu/index
INFO: [ app_init ] --START--
INFO: Run Behavior\BuildLiteBehavior [ RunTime:0.000021s ]
INFO: [ app_init ] --END-- [ RunTime:0.000312s ]
INFO: [ app_begin ] --START--
INFO: Run Behavior\ReadHtmlCacheBehavior [ RunTime:0.000303s ]
INFO: [ app_begin ] --END-- [ RunTime:0.000396s ]
INFO: [ view_parse ] --START--
INFO: [ template_filter ] --START--
INFO: Run Behavior\ContentReplaceBehavior [ RunTime:0.000095s ]
INFO: [ template_filter ] --END-- [ RunTime:0.000244s ]
NOTIC: [8] Undefined variable: nav D:\wamp\www\p2164894\workspace\Application\Runtime\Cache\Admin\b956215329b6f9aca22277599a4efdfc.php 第 89 行.
NOTIC: [8] Undefined variable: menus D:\wamp\www\p2164894\workspace\Application\Runtime\Cache\Admin\b956215329b6f9aca22277599a4efdfc.php 第 134 行.
INFO: Run Behavior\ParseTemplateBehavior [ RunTime:0.010273s ]
INFO: [ view_parse ] --END-- [ RunTime:0.010368s ]
INFO: [ view_filter ] --START--
INFO: Run Behavior\WriteHtmlCacheBehavior [ RunTime:0.000282s ]
INFO: [ view_filter ] --END-- [ RunTime:0.000369s ]
INFO: [ app_end ] --START--
INFO: Run Behavior\ShowPageTraceBehavior [ RunTime:0.000403s ]
INFO: [ app_end ] --END-- [ RunTime:0.000491s ]

[ 2017-10-30T09:42:31+08:00 ] ::1 /p2164894/workspace/index.php/admin/menu/index
INFO: [ app_init ] --START--
INFO: Run Behavior\BuildLiteBehavior [ RunTime:0.000020s ]
INFO: [ app_init ] --END-- [ RunTime:0.000333s ]
INFO: [ app_begin ] --START--
INFO: Run Behavior\ReadHtmlCacheBehavior [ RunTime:0.001171s ]
INFO: [ app_begin ] --END-- [ RunTime:0.001399s ]
INFO: [ view_parse ] --START--
INFO: [ template_filter ] --START--
INFO: Run Behavior\ContentReplaceBehavior [ RunTime:0.000075s ]
INFO: [ template_filter ] --END-- [ RunTime:0.000176s ]
NOTIC: [8] Undefined variable: nav D:\wamp\www\p2164894\workspace\Application\Runtime\Cache\Admin\b956215329b6f9aca22277599a4efdfc.php 第 89 行.
NOTIC: [8] Undefined variable: menus D:\wamp\www\p2164894\workspace\Application\Runtime\Cache\Admin\b956215329b6f9aca22277599a4efdfc.php 第 134 行.
INFO: Run Behavior\ParseTemplateBehavior [ RunTime:0.008371s ]
INFO: [ view_parse ] --END-- [ RunTime:0.008468s ]
INFO: [ view_filter ] --START--
INFO: Run Behavior\WriteHtmlCacheBehavior [ RunTime:0.000264s ]
INFO: [ view_filter ] --END-- [ RunTime:0.000360s ]
INFO: [ app_end ] --START--
INFO: Run Behavior\ShowPageTraceBehavior [ RunTime:0.000443s ]
INFO: [ app_end ] --END-- [ RunTime:0.000557s ]

[ 2017-10-30T09:42:39+08:00 ] ::1 /p2164894/workspace/index.php/admin/index/index
INFO: [ app_init ] --START--
INFO: Run Behavior\BuildLiteBehavior [ RunTime:0.000023s ]
INFO: [ app_init ] --END-- [ RunTime:0.000340s ]
INFO: [ app_begin ] --START--
INFO: Run Behavior\ReadHtmlCacheBehavior [ RunTime:0.000329s ]
INFO: [ app_begin ] --END-- [ RunTime:0.000427s ]
INFO: [ view_parse ] --START--
INFO: [ template_filter ] --START--
INFO: Run Behavior\ContentReplaceBehavior [ RunTime:0.000078s ]
INFO: [ template_filter ] --END-- [ RunTime:0.000181s ]
INFO: Run Behavior\ParseTemplateBehavior [ RunTime:0.007236s ]
INFO: [ view_parse ] --END-- [ RunTime:0.007416s ]
INFO: [ view_filter ] --START--
INFO: Run Behavior\WriteHtmlCacheBehavior [ RunTime:0.000167s ]
INFO: [ view_filter ] --END-- [ RunTime:0.000253s ]
INFO: [ app_end ] --START--
INFO: Run Behavior\ShowPageTraceBehavior [ RunTime:0.000300s ]
INFO: [ app_end ] --END-- [ RunTime:0.000390s ]

[ 2017-10-30T09:42:39+08:00 ] ::1 /p2164894/workspace/index.php/admin/menu/index
INFO: [ app_init ] --START--
INFO: Run Behavior\BuildLiteBehavior [ RunTime:0.000022s ]
INFO: [ app_init ] --END-- [ RunTime:0.000331s ]
INFO: [ app_begin ] --START--
INFO: Run Behavior\ReadHtmlCacheBehavior [ RunTime:0.000319s ]
INFO: [ app_begin ] --END-- [ RunTime:0.000424s ]
INFO: [ view_parse ] --START--
INFO: [ template_filter ] --START--
INFO: Run Behavior\ContentReplaceBehavior [ RunTime:0.000076s ]
INFO: [ template_filter ] --END-- [ RunTime:0.000178s ]
NOTIC: [8] Undefined variable: nav D:\wamp\www\p2164894\workspace\Application\Runtime\Cache\Admin\b956215329b6f9aca22277599a4efdfc.php 第 89 行.
NOTIC: [8] Undefined variable: menus D:\wamp\www\p2164894\workspace\Application\Runtime\Cache\Admin\b956215329b6f9aca22277599a4efdfc.php 第 134 行.
INFO: Run Behavior\ParseTemplateBehavior [ RunTime:0.007784s ]
INFO: [ view_parse ] --END-- [ RunTime:0.007874s ]
INFO: [ view_filter ] --START--
INFO: Run Behavior\WriteHtmlCacheBehavior [ RunTime:0.000171s ]
INFO: [ view_filter ] --END-- [ RunTime:0.000259s ]
INFO: [ app_end ] --START--
INFO: Run Behavior\ShowPageTraceBehavior [ RunTime:0.000297s ]
INFO: [ app_end ] --END-- [ RunTime:0.000385s ]

[ 2017-10-30T09:42:40+08:00 ] ::1 /p2164894/workspace/index.php/admin/index/index
INFO: [ app_init ] --START--
INFO: Run Behavior\BuildLiteBehavior [ RunTime:0.000033s ]
INFO: [ app_init ] --END-- [ RunTime:0.000447s ]
INFO: [ app_begin ] --START--
INFO: Run Behavior\ReadHtmlCacheBehavior [ RunTime:0.000701s ]
INFO: [ app_begin ] --END-- [ RunTime:0.000938s ]
INFO: [ view_parse ] --START--
INFO: [ template_filter ] --START--
INFO: Run Behavior\ContentReplaceBehavior [ RunTime:0.000080s ]
INFO: [ template_filter ] --END-- [ RunTime:0.000195s ]
INFO: Run Behavior\ParseTemplateBehavior [ RunTime:0.006995s ]
INFO: [ view_parse ] --END-- [ RunTime:0.007127s ]
INFO: [ view_filter ] --START--
INFO: Run Behavior\WriteHtmlCacheBehavior [ RunTime:0.000178s ]
INFO: [ view_filter ] --END-- [ RunTime:0.000262s ]
INFO: [ app_end ] --START--
INFO: Run Behavior\ShowPageTraceBehavior [ RunTime:0.000302s ]
INFO: [ app_end ] --END-- [ RunTime:0.000390s ]

[ 2017-10-30T09:42:40+08:00 ] ::1 /p2164894/workspace/index.php/admin/menu/index
INFO: [ app_init ] --START--
INFO: Run Behavior\BuildLiteBehavior [ RunTime:0.000025s ]
INFO: [ app_init ] --END-- [ RunTime:0.000308s ]
INFO: [ app_begin ] --START--
INFO: Run Behavior\ReadHtmlCacheBehavior [ RunTime:0.000301s ]
INFO: [ app_begin ] --END-- [ RunTime:0.000395s ]
INFO: [ view_parse ] --START--
INFO: [ template_filter ] --START--
INFO: Run Behavior\ContentReplaceBehavior [ RunTime:0.000250s ]
INFO: [ template_filter ] --END-- [ RunTime:0.000591s ]
NOTIC: [8] Undefined variable: nav D:\wamp\www\p2164894\workspace\Application\Runtime\Cache\Admin\b956215329b6f9aca22277599a4efdfc.php 第 89 行.
NOTIC: [8] Undefined variable: menus D:\wamp\www\p2164894\workspace\Application\Runtime\Cache\Admin\b956215329b6f9aca22277599a4efdfc.php 第 134 行.
INFO: Run Behavior\ParseTemplateBehavior [ RunTime:0.009137s ]
INFO: [ view_parse ] --END-- [ RunTime:0.009272s ]
INFO: [ view_filter ] --START--
INFO: Run Behavior\WriteHtmlCacheBehavior [ RunTime:0.000872s ]
INFO: [ view_filter ] --END-- [ RunTime:0.001011s ]
INFO: [ app_end ] --START--
INFO: Run Behavior\ShowPageTraceBehavior [ RunTime:0.000341s ]
INFO: [ app_end ] --END-- [ RunTime:0.000431s ]

[ 2017-10-30T09:44:30+08:00 ] ::1 /p2164894/workspace/index.php/admin/menu/index
INFO: [ app_init ] --START--
INFO: Run Behavior\BuildLiteBehavior [ RunTime:0.000021s ]
INFO: [ app_init ] --END-- [ RunTime:0.000322s ]
INFO: [ app_begin ] --START--
INFO: Run Behavior\ReadHtmlCacheBehavior [ RunTime:0.000313s ]
INFO: [ app_begin ] --END-- [ RunTime:0.000411s ]
INFO: [ view_parse ] --START--
INFO: [ template_filter ] --START--
INFO: Run Behavior\ContentReplaceBehavior [ RunTime:0.000077s ]
INFO: [ template_filter ] --END-- [ RunTime:0.000177s ]
NOTIC: [8] Undefined variable: nav D:\wamp\www\p2164894\workspace\Application\Runtime\Cache\Admin\b956215329b6f9aca22277599a4efdfc.php 第 89 行.
NOTIC: [8] Undefined variable: menus D:\wamp\www\p2164894\workspace\Application\Runtime\Cache\Admin\b956215329b6f9aca22277599a4efdfc.php 第 134 行.
INFO: Run Behavior\ParseTemplateBehavior [ RunTime:0.007973s ]
INFO: [ view_parse ] --END-- [ RunTime:0.008070s ]
INFO: [ view_filter ] --START--
INFO: Run Behavior\WriteHtmlCacheBehavior [ RunTime:0.000181s ]
INFO: [ view_filter ] --END-- [ RunTime:0.000264s ]
INFO: [ app_end ] --START--
INFO: Run Behavior\ShowPageTraceBehavior [ RunTime:0.000300s ]
INFO: [ app_end ] --END-- [ RunTime:0.000387s ]

[ 2017-10-30T09:44:30+08:00 ] ::1 /p2164894/workspace/index.php/admin/index/index
INFO: [ app_init ] --START--
INFO: Run Behavior\BuildLiteBehavior [ RunTime:0.000039s ]
INFO: [ app_init ] --END-- [ RunTime:0.000619s ]
INFO: [ app_begin ] --START--
INFO: Run Behavior\ReadHtmlCacheBehavior [ RunTime:0.000733s ]
INFO: [ app_begin ] --END-- [ RunTime:0.000964s ]
INFO: [ view_parse ] --START--
INFO: [ template_filter ] --START--
INFO: Run Behavior\ContentReplaceBehavior [ RunTime:0.000080s ]
INFO: [ template_filter ] --END-- [ RunTime:0.000189s ]
INFO: Run Behavior\ParseTemplateBehavior [ RunTime:0.006890s ]
INFO: [ view_parse ] --END-- [ RunTime:0.007112s ]
INFO: [ view_filter ] --START--
INFO: Run Behavior\WriteHtmlCacheBehavior [ RunTime:0.000176s ]
INFO: [ view_filter ] --END-- [ RunTime:0.000261s ]
INFO: [ app_end ] --START--
INFO: Run Behavior\ShowPageTraceBehavior [ RunTime:0.000588s ]
INFO: [ app_end ] --END-- [ RunTime:0.000845s ]

[ 2017-10-30T09:44:31+08:00 ] ::1 /p2164894/workspace/index.php/admin/menu/index
INFO: [ app_init ] --START--
INFO: Run Behavior\BuildLiteBehavior [ RunTime:0.000021s ]
INFO: [ app_init ] --END-- [ RunTime:0.000307s ]
INFO: [ app_begin ] --START--
INFO: Run Behavior\ReadHtmlCacheBehavior [ RunTime:0.000304s ]
INFO: [ app_begin ] --END-- [ RunTime:0.000396s ]
INFO: [ view_parse ] --START--
INFO: [ template_filter ] --START--
INFO: Run Behavior\ContentReplaceBehavior [ RunTime:0.000119s ]
INFO: [ template_filter ] --END-- [ RunTime:0.000278s ]
NOTIC: [8] Undefined variable: nav D:\wamp\www\p2164894\workspace\Application\Runtime\Cache\Admin\b956215329b6f9aca22277599a4efdfc.php 第 89 行.
NOTIC: [8] Undefined variable: menus D:\wamp\www\p2164894\workspace\Application\Runtime\Cache\Admin\b956215329b6f9aca22277599a4efdfc.php 第 134 行.
INFO: Run Behavior\ParseTemplateBehavior [ RunTime:0.010061s ]
INFO: [ view_parse ] --END-- [ RunTime:0.010179s ]
INFO: [ view_filter ] --START--
INFO: Run Behavior\WriteHtmlCacheBehavior [ RunTime:0.000238s ]
INFO: [ view_filter ] --END-- [ RunTime:0.000381s ]
INFO: [ app_end ] --START--
INFO: Run Behavior\ShowPageTraceBehavior [ RunTime:0.000428s ]
INFO: [ app_end ] --END-- [ RunTime:0.000575s ]

[ 2017-10-30T09:44:32+08:00 ] ::1 /p2164894/workspace/index.php/admin/index/index
INFO: [ app_init ] --START--
INFO: Run Behavior\BuildLiteBehavior [ RunTime:0.000021s ]
INFO: [ app_init ] --END-- [ RunTime:0.000335s ]
INFO: [ app_begin ] --START--
INFO: Run Behavior\ReadHtmlCacheBehavior [ RunTime:0.000445s ]
INFO: [ app_begin ] --END-- [ RunTime:0.000580s ]
INFO: [ view_parse ] --START--
INFO: [ template_filter ] --START--
INFO: Run Behavior\ContentReplaceBehavior [ RunTime:0.000077s ]
INFO: [ template_filter ] --END-- [ RunTime:0.000177s ]
INFO: Run Behavior\ParseTemplateBehavior [ RunTime:0.006326s ]
INFO: [ view_parse ] --END-- [ RunTime:0.006461s ]
INFO: [ view_filter ] --START--
INFO: Run Behavior\WriteHtmlCacheBehavior [ RunTime:0.000324s ]
INFO: [ view_filter ] --END-- [ RunTime:0.000469s ]
INFO: [ app_end ] --START--
INFO: Run Behavior\ShowPageTraceBehavior [ RunTime:0.000511s ]
INFO: [ app_end ] --END-- [ RunTime:0.000659s ]

[ 2017-10-30T09:44:32+08:00 ] ::1 /p2164894/workspace/index.php/admin/menu/index
INFO: [ app_init ] --START--
INFO: Run Behavior\BuildLiteBehavior [ RunTime:0.000021s ]
INFO: [ app_init ] --END-- [ RunTime:0.000307s ]
INFO: [ app_begin ] --START--
INFO: Run Behavior\ReadHtmlCacheBehavior [ RunTime:0.000298s ]
INFO: [ app_begin ] --END-- [ RunTime:0.000391s ]
INFO: [ view_parse ] --START--
INFO: [ template_filter ] --START--
INFO: Run Behavior\ContentReplaceBehavior [ RunTime:0.000137s ]
INFO: [ template_filter ] --END-- [ RunTime:0.000360s ]
NOTIC: [8] Undefined variable: nav D:\wamp\www\p2164894\workspace\Application\Runtime\Cache\Admin\b956215329b6f9aca22277599a4efdfc.php 第 89 行.
NOTIC: [8] Undefined variable: menus D:\wamp\www\p2164894\workspace\Application\Runtime\Cache\Admin\b956215329b6f9aca22277599a4efdfc.php 第 134 行.
INFO: Run Behavior\ParseTemplateBehavior [ RunTime:0.008995s ]
INFO: [ view_parse ] --END-- [ RunTime:0.009141s ]
INFO: [ view_filter ] --START--
INFO: Run Behavior\WriteHtmlCacheBehavior [ RunTime:0.000406s ]
INFO: [ view_filter ] --END-- [ RunTime:0.000558s ]
INFO: [ app_end ] --START--
INFO: Run Behavior\ShowPageTraceBehavior [ RunTime:0.000439s ]
INFO: [ app_end ] --END-- [ RunTime:0.000586s ]

[ 2017-10-30T16:05:06+08:00 ] ::1 /p2164894/workspace/index.php/admin/menu/index
INFO: [ app_init ] --START--
INFO: Run Behavior\BuildLiteBehavior [ RunTime:0.000047s ]
INFO: [ app_init ] --END-- [ RunTime:0.000832s ]
INFO: [ app_begin ] --START--
INFO: Run Behavior\ReadHtmlCacheBehavior [ RunTime:0.000641s ]
INFO: [ app_begin ] --END-- [ RunTime:0.001131s ]
INFO: [ view_parse ] --START--
INFO: [ template_filter ] --START--
INFO: Run Behavior\ContentReplaceBehavior [ RunTime:0.000213s ]
INFO: [ template_filter ] --END-- [ RunTime:0.000537s ]
NOTIC: [8] Undefined variable: nav D:\wamp\www\p2164894\workspace\Application\Runtime\Cache\Admin\b956215329b6f9aca22277599a4efdfc.php 第 89 行.
NOTIC: [8] Undefined variable: menus D:\wamp\www\p2164894\workspace\Application\Runtime\Cache\Admin\b956215329b6f9aca22277599a4efdfc.php 第 134 行.
INFO: Run Behavior\ParseTemplateBehavior [ RunTime:0.014219s ]
INFO: [ view_parse ] --END-- [ RunTime:0.014422s ]
INFO: [ view_filter ] --START--
INFO: Run Behavior\WriteHtmlCacheBehavior [ RunTime:0.001607s ]
INFO: [ view_filter ] --END-- [ RunTime:0.001886s ]
INFO: [ app_end ] --START--
INFO: Run Behavior\ShowPageTraceBehavior [ RunTime:0.000850s ]
INFO: [ app_end ] --END-- [ RunTime:0.001033s ]

[ 2017-10-30T16:06:50+08:00 ] ::1 /p2164894/workspace/index.php/admin/menu/index
INFO: [ app_init ] --START--
INFO: Run Behavior\BuildLiteBehavior [ RunTime:0.000022s ]
INFO: [ app_init ] --END-- [ RunTime:0.000343s ]
INFO: [ app_begin ] --START--
INFO: Run Behavior\ReadHtmlCacheBehavior [ RunTime:0.000387s ]
INFO: [ app_begin ] --END-- [ RunTime:0.000498s ]
INFO: [ view_parse ] --START--
INFO: [ template_filter ] --START--
INFO: Run Behavior\ContentReplaceBehavior [ RunTime:0.000127s ]
INFO: [ template_filter ] --END-- [ RunTime:0.000346s ]
NOTIC: [8] Undefined variable: nav D:\wamp\www\p2164894\workspace\Application\Runtime\Cache\Admin\b956215329b6f9aca22277599a4efdfc.php 第 89 行.
NOTIC: [8] Undefined variable: menus D:\wamp\www\p2164894\workspace\Application\Runtime\Cache\Admin\b956215329b6f9aca22277599a4efdfc.php 第 134 行.
INFO: Run Behavior\ParseTemplateBehavior [ RunTime:0.009283s ]
INFO: [ view_parse ] --END-- [ RunTime:0.009373s ]
INFO: [ view_filter ] --START--
INFO: Run Behavior\WriteHtmlCacheBehavior [ RunTime:0.000240s ]
INFO: [ view_filter ] --END-- [ RunTime:0.000324s ]
INFO: [ app_end ] --START--
INFO: Run Behavior\ShowPageTraceBehavior [ RunTime:0.000365s ]
INFO: [ app_end ] --END-- [ RunTime:0.000452s ]

[ 2017-10-30T16:14:52+08:00 ] ::1 /p2164894/workspace/index.php/admin/menu/index
INFO: [ app_init ] --START--
INFO: Run Behavior\BuildLiteBehavior [ RunTime:0.000022s ]
INFO: [ app_init ] --END-- [ RunTime:0.000347s ]
INFO: [ app_begin ] --START--
INFO: Run Behavior\ReadHtmlCacheBehavior [ RunTime:0.000662s ]
INFO: [ app_begin ] --END-- [ RunTime:0.000817s ]
INFO: [ view_parse ] --START--
INFO: [ template_filter ] --START--
INFO: Run Behavior\ContentReplaceBehavior [ RunTime:0.000075s ]
INFO: [ template_filter ] --END-- [ RunTime:0.000176s ]
NOTIC: [8] Undefined variable: nav D:\wamp\www\p2164894\workspace\Application\Runtime\Cache\Admin\b956215329b6f9aca22277599a4efdfc.php 第 89 行.
NOTIC: [8] Undefined variable: menus D:\wamp\www\p2164894\workspace\Application\Runtime\Cache\Admin\b956215329b6f9aca22277599a4efdfc.php 第 134 行.
INFO: Run Behavior\ParseTemplateBehavior [ RunTime:0.007604s ]
INFO: [ view_parse ] --END-- [ RunTime:0.007743s ]
INFO: [ view_filter ] --START--
INFO: Run Behavior\WriteHtmlCacheBehavior [ RunTime:0.000235s ]
INFO: [ view_filter ] --END-- [ RunTime:0.000319s ]
INFO: [ app_end ] --START--
INFO: Run Behavior\ShowPageTraceBehavior [ RunTime:0.000365s ]
INFO: [ app_end ] --END-- [ RunTime:0.000454s ]

[ 2017-10-30T16:14:54+08:00 ] ::1 /p2164894/workspace/index.php/admin/menu/index
INFO: [ app_init ] --START--
INFO: Run Behavior\BuildLiteBehavior [ RunTime:0.000036s ]
INFO: [ app_init ] --END-- [ RunTime:0.000498s ]
INFO: [ app_begin ] --START--
INFO: Run Behavior\ReadHtmlCacheBehavior [ RunTime:0.000476s ]
INFO: [ app_begin ] --END-- [ RunTime:0.000635s ]
INFO: [ view_parse ] --START--
INFO: [ template_filter ] --START--
INFO: Run Behavior\ContentReplaceBehavior [ RunTime:0.000134s ]
INFO: [ template_filter ] --END-- [ RunTime:0.000330s ]
NOTIC: [8] Undefined variable: nav D:\wamp\www\p2164894\workspace\Application\Runtime\Cache\Admin\b956215329b6f9aca22277599a4efdfc.php 第 89 行.
NOTIC: [8] Undefined variable: menus D:\wamp\www\p2164894\workspace\Application\Runtime\Cache\Admin\b956215329b6f9aca22277599a4efdfc.php 第 134 行.
INFO: Run Behavior\ParseTemplateBehavior [ RunTime:0.013094s ]
INFO: [ view_parse ] --END-- [ RunTime:0.013256s ]
INFO: [ view_filter ] --START--
INFO: Run Behavior\WriteHtmlCacheBehavior [ RunTime:0.000361s ]
INFO: [ view_filter ] --END-- [ RunTime:0.000515s ]
INFO: [ app_end ] --START--
INFO: Run Behavior\ShowPageTraceBehavior [ RunTime:0.000530s ]
INFO: [ app_end ] --END-- [ RunTime:0.000691s ]

[ 2017-10-30T16:14:55+08:00 ] ::1 /p2164894/workspace/index.php/admin/index/index
INFO: [ app_init ] --START--
INFO: Run Behavior\BuildLiteBehavior [ RunTime:0.000022s ]
INFO: [ app_init ] --END-- [ RunTime:0.000315s ]
INFO: [ app_begin ] --START--
INFO: Run Behavior\ReadHtmlCacheBehavior [ RunTime:0.000319s ]
INFO: [ app_begin ] --END-- [ RunTime:0.000410s ]

[ 2017-10-30T16:14:55+08:00 ] ::1 /p2164894/workspace/index.php/admin/login/index
INFO: [ app_init ] --START--
INFO: Run Behavior\BuildLiteBehavior [ RunTime:0.000024s ]
INFO: [ app_init ] --END-- [ RunTime:0.000609s ]
INFO: [ app_begin ] --START--
INFO: Run Behavior\ReadHtmlCacheBehavior [ RunTime:0.000356s ]
INFO: [ app_begin ] --END-- [ RunTime:0.000458s ]
INFO: [ view_parse ] --START--
INFO: [ template_filter ] --START--
INFO: Run Behavior\ContentReplaceBehavior [ RunTime:0.000101s ]
INFO: [ template_filter ] --END-- [ RunTime:0.000239s ]
INFO: Run Behavior\ParseTemplateBehavior [ RunTime:0.004773s ]
INFO: [ view_parse ] --END-- [ RunTime:0.004881s ]
INFO: [ view_filter ] --START--
INFO: Run Behavior\WriteHtmlCacheBehavior [ RunTime:0.000184s ]
INFO: [ view_filter ] --END-- [ RunTime:0.000269s ]
INFO: [ app_end ] --START--
INFO: Run Behavior\ShowPageTraceBehavior [ RunTime:0.000319s ]
INFO: [ app_end ] --END-- [ RunTime:0.000409s ]

[ 2017-10-30T16:14:55+08:00 ] ::1 /p2164894/workspace/index.php/admin/login/index
INFO: [ app_init ] --START--
INFO: Run Behavior\BuildLiteBehavior [ RunTime:0.000078s ]
INFO: [ app_init ] --END-- [ RunTime:0.001084s ]
INFO: [ app_begin ] --START--
INFO: Run Behavior\ReadHtmlCacheBehavior [ RunTime:0.000648s ]
INFO: [ app_begin ] --END-- [ RunTime:0.000864s ]
INFO: [ view_parse ] --START--
INFO: [ template_filter ] --START--
INFO: Run Behavior\ContentReplaceBehavior [ RunTime:0.000102s ]
INFO: [ template_filter ] --END-- [ RunTime:0.000285s ]
INFO: Run Behavior\ParseTemplateBehavior [ RunTime:0.006739s ]
INFO: [ view_parse ] --END-- [ RunTime:0.006916s ]
INFO: [ view_filter ] --START--
INFO: Run Behavior\WriteHtmlCacheBehavior [ RunTime:0.000216s ]
INFO: [ view_filter ] --END-- [ RunTime:0.000311s ]
INFO: [ app_end ] --START--
INFO: Run Behavior\ShowPageTraceBehavior [ RunTime:0.000328s ]
INFO: [ app_end ] --END-- [ RunTime:0.000417s ]

[ 2017-10-30T16:14:58+08:00 ] ::1 /p2164894/workspace/index.php/admin/menu/index
INFO: [ app_init ] --START--
INFO: Run Behavior\BuildLiteBehavior [ RunTime:0.000021s ]
INFO: [ app_init ] --END-- [ RunTime:0.000313s ]
INFO: [ app_begin ] --START--
INFO: Run Behavior\ReadHtmlCacheBehavior [ RunTime:0.000467s ]
INFO: [ app_begin ] --END-- [ RunTime:0.000614s ]
INFO: [ view_parse ] --START--
INFO: [ template_filter ] --START--
INFO: Run Behavior\ContentReplaceBehavior [ RunTime:0.000075s ]
INFO: [ template_filter ] --END-- [ RunTime:0.000181s ]
NOTIC: [8] Undefined variable: nav D:\wamp\www\p2164894\workspace\Application\Runtime\Cache\Admin\b956215329b6f9aca22277599a4efdfc.php 第 89 行.
NOTIC: [8] Undefined variable: menus D:\wamp\www\p2164894\workspace\Application\Runtime\Cache\Admin\b956215329b6f9aca22277599a4efdfc.php 第 134 行.
INFO: Run Behavior\ParseTemplateBehavior [ RunTime:0.008822s ]
INFO: [ view_parse ] --END-- [ RunTime:0.008946s ]
INFO: [ view_filter ] --START--
INFO: Run Behavior\WriteHtmlCacheBehavior [ RunTime:0.000262s ]
INFO: [ view_filter ] --END-- [ RunTime:0.000351s ]
INFO: [ app_end ] --START--
INFO: Run Behavior\ShowPageTraceBehavior [ RunTime:0.000330s ]
INFO: [ app_end ] --END-- [ RunTime:0.000419s ]

[ 2017-10-30T16:14:59+08:00 ] ::1 /p2164894/workspace/index.php/admin/index/index
INFO: [ app_init ] --START--
INFO: Run Behavior\BuildLiteBehavior [ RunTime:0.000021s ]
INFO: [ app_init ] --END-- [ RunTime:0.000311s ]
INFO: [ app_begin ] --START--
INFO: Run Behavior\ReadHtmlCacheBehavior [ RunTime:0.000321s ]
INFO: [ app_begin ] --END-- [ RunTime:0.000414s ]

[ 2017-10-30T16:14:59+08:00 ] ::1 /p2164894/workspace/index.php/admin/login/index
INFO: [ app_init ] --START--
INFO: Run Behavior\BuildLiteBehavior [ RunTime:0.000023s ]
INFO: [ app_init ] --END-- [ RunTime:0.000305s ]
INFO: [ app_begin ] --START--
INFO: Run Behavior\ReadHtmlCacheBehavior [ RunTime:0.000312s ]
INFO: [ app_begin ] --END-- [ RunTime:0.000403s ]
INFO: [ view_parse ] --START--
INFO: [ template_filter ] --START--
INFO: Run Behavior\ContentReplaceBehavior [ RunTime:0.000059s ]
INFO: [ template_filter ] --END-- [ RunTime:0.000162s ]
INFO: Run Behavior\ParseTemplateBehavior [ RunTime:0.004402s ]
INFO: [ view_parse ] --END-- [ RunTime:0.004503s ]
INFO: [ view_filter ] --START--
INFO: Run Behavior\WriteHtmlCacheBehavior [ RunTime:0.000170s ]
INFO: [ view_filter ] --END-- [ RunTime:0.000260s ]
INFO: [ app_end ] --START--
INFO: Run Behavior\ShowPageTraceBehavior [ RunTime:0.000340s ]
INFO: [ app_end ] --END-- [ RunTime:0.000432s ]

[ 2017-10-30T16:15:00+08:00 ] ::1 /p2164894/workspace/index.php/admin/login/index
INFO: [ app_init ] --START--
INFO: Run Behavior\BuildLiteBehavior [ RunTime:0.000058s ]
INFO: [ app_init ] --END-- [ RunTime:0.000839s ]
INFO: [ app_begin ] --START--
INFO: Run Behavior\ReadHtmlCacheBehavior [ RunTime:0.000414s ]
INFO: [ app_begin ] --END-- [ RunTime:0.000556s ]
INFO: [ view_parse ] --START--
INFO: [ template_filter ] --START--
INFO: Run Behavior\ContentReplaceBehavior [ RunTime:0.000109s ]
INFO: [ template_filter ] --END-- [ RunTime:0.000310s ]
INFO: Run Behavior\ParseTemplateBehavior [ RunTime:0.007883s ]
INFO: [ view_parse ] --END-- [ RunTime:0.008078s ]
INFO: [ view_filter ] --START--
INFO: Run Behavior\WriteHtmlCacheBehavior [ RunTime:0.000321s ]
INFO: [ view_filter ] --END-- [ RunTime:0.000477s ]
INFO: [ app_end ] --START--
INFO: Run Behavior\ShowPageTraceBehavior [ RunTime:0.000591s ]
INFO: [ app_end ] --END-- [ RunTime:0.000762s ]

[ 2017-10-30T16:24:27+08:00 ] ::1 /p2164894/workspace/index.php/admin/menu/index
INFO: [ app_init ] --START--
INFO: Run Behavior\BuildLiteBehavior [ RunTime:0.000025s ]
INFO: [ app_init ] --END-- [ RunTime:0.000620s ]
INFO: [ app_begin ] --START--
INFO: Run Behavior\ReadHtmlCacheBehavior [ RunTime:0.001205s ]
INFO: [ app_begin ] --END-- [ RunTime:0.001380s ]
INFO: [ view_parse ] --START--
INFO: [ template_filter ] --START--
INFO: Run Behavior\ContentReplaceBehavior [ RunTime:0.000079s ]
INFO: [ template_filter ] --END-- [ RunTime:0.000180s ]
NOTIC: [8] Undefined variable: nav D:\wamp\www\p2164894\workspace\Application\Runtime\Cache\Admin\b956215329b6f9aca22277599a4efdfc.php 第 89 行.
NOTIC: [8] Undefined variable: menus D:\wamp\www\p2164894\workspace\Application\Runtime\Cache\Admin\b956215329b6f9aca22277599a4efdfc.php 第 134 行.
INFO: Run Behavior\ParseTemplateBehavior [ RunTime:0.007444s ]
INFO: [ view_parse ] --END-- [ RunTime:0.007770s ]
INFO: [ view_filter ] --START--
INFO: Run Behavior\WriteHtmlCacheBehavior [ RunTime:0.000286s ]
INFO: [ view_filter ] --END-- [ RunTime:0.000410s ]
INFO: [ app_end ] --START--
INFO: Run Behavior\ShowPageTraceBehavior [ RunTime:0.001144s ]
INFO: [ app_end ] --END-- [ RunTime:0.001373s ]

